Error in <TNetXNGFile::Open>: [ERROR] Server responded with an error: [3011] No servers are available to read the file.

 *** Break *** segmentation violation



===========================================================
There was a crash.
This is the entire stack trace of all threads:
===========================================================

Thread 6 (Thread 0x2b1decaa7700 (LWP 41706)):
#0  0x00002b1dd6cceb3b in do_futex_wait.constprop () from /lib64/libpthread.so.0
#1  0x00002b1dd6ccebcf in __new_sem_wait_slow.constprop.0 () from /lib64/libpthread.so.0
#2  0x00002b1dd6ccec6b in sem_wait

GLIBC_2.2.5 () from /lib64/libpthread.so.0
#3  0x00002b1debcdc816 in XrdCl::JobManager::RunJobs() () from /cvmfs/cms.cern.ch/slc7_amd64_gcc900/cms/cmssw/CMSSW_11_2_0/external/slc7_amd64_gcc900/lib/libXrdCl.so.2
#4  0x00002b1debcdc8c9 in RunRunnerThread () from /cvmfs/cms.cern.ch/slc7_amd64_gcc900/cms/cmssw/CMSSW_11_2_0/external/slc7_amd64_gcc900/lib/libXrdCl.so.2
#5  0x00002b1dd6cc8ea5 in start_thread () from /lib64/libpthread.so.0
#6  0x00002b1dd6fdbb0d in clone () from /lib64/libc.so.6

Thread 5 (Thread 0x2b1dec8a6700 (LWP 41705)):
#0  0x00002b1dd6cceb3b in do_futex_wait.constprop () from /lib64/libpthread.so.0
#1  0x00002b1dd6ccebcf in __new_sem_wait_slow.constprop.0 () from /lib64/libpthread.so.0
#2  0x00002b1dd6ccec6b in sem_wait

GLIBC_2.2.5 () from /lib64/libpthread.so.0
#3  0x00002b1debcdc816 in XrdCl::JobManager::RunJobs() () from /cvmfs/cms.cern.ch/slc7_amd64_gcc900/cms/cmssw/CMSSW_11_2_0/external/slc7_amd64_gcc900/lib/libXrdCl.so.2
#4  0x00002b1debcdc8c9 in RunRunnerThread () from /cvmfs/cms.cern.ch/slc7_amd64_gcc900/cms/cmssw/CMSSW_11_2_0/external/slc7_amd64_gcc900/lib/libXrdCl.so.2
#5  0x00002b1dd6cc8ea5 in start_thread () from /lib64/libpthread.so.0
#6  0x00002b1dd6fdbb0d in clone () from /lib64/libc.so.6

Thread 4 (Thread 0x2b1dec6a5700 (LWP 41704)):
#0  0x00002b1dd6cceb3b in do_futex_wait.constprop () from /lib64/libpthread.so.0
#1  0x00002b1dd6ccebcf in __new_sem_wait_slow.constprop.0 () from /lib64/libpthread.so.0
#2  0x00002b1dd6ccec6b in sem_wait

GLIBC_2.2.5 () from /lib64/libpthread.so.0
#3  0x00002b1debcdc816 in XrdCl::JobManager::RunJobs() () from /cvmfs/cms.cern.ch/slc7_amd64_gcc900/cms/cmssw/CMSSW_11_2_0/external/slc7_amd64_gcc900/lib/libXrdCl.so.2
#4  0x00002b1debcdc8c9 in RunRunnerThread () from /cvmfs/cms.cern.ch/slc7_amd64_gcc900/cms/cmssw/CMSSW_11_2_0/external/slc7_amd64_gcc900/lib/libXrdCl.so.2
#5  0x00002b1dd6cc8ea5 in start_thread () from /lib64/libpthread.so.0
#6  0x00002b1dd6fdbb0d in clone () from /lib64/libc.so.6

Thread 3 (Thread 0x2b1dec4a4700 (LWP 41703)):
#0  0x00002b1dd6ccfe9d in nanosleep () from /lib64/libpthread.so.0
#1  0x00002b1debb046ff in XrdSysTimer::Wait(int) () from /cvmfs/cms.cern.ch/slc7_amd64_gcc900/cms/cmssw/CMSSW_11_2_0/external/slc7_amd64_gcc900/lib/libXrdUtils.so.2
#2  0x00002b1debc7eb0a in XrdCl::TaskManager::RunTasks() () from /cvmfs/cms.cern.ch/slc7_amd64_gcc900/cms/cmssw/CMSSW_11_2_0/external/slc7_amd64_gcc900/lib/libXrdCl.so.2
#3  0x00002b1debc7ec69 in RunRunnerThread () from /cvmfs/cms.cern.ch/slc7_amd64_gcc900/cms/cmssw/CMSSW_11_2_0/external/slc7_amd64_gcc900/lib/libXrdCl.so.2
#4  0x00002b1dd6cc8ea5 in start_thread () from /lib64/libpthread.so.0
#5  0x00002b1dd6fdbb0d in clone () from /lib64/libc.so.6

Thread 2 (Thread 0x2b1dec2a3700 (LWP 41702)):
#0  0x00002b1dd6fdc0e3 in epoll_wait () from /lib64/libc.so.6
#1  0x00002b1debafeed2 in XrdSys::IOEvents::PollE::Begin(XrdSysSemaphore*, int&, char const**) () from /cvmfs/cms.cern.ch/slc7_amd64_gcc900/cms/cmssw/CMSSW_11_2_0/external/slc7_amd64_gcc900/lib/libXrdUtils.so.2
#2  0x00002b1debafb78d in XrdSys::IOEvents::BootStrap::Start(void*) () from /cvmfs/cms.cern.ch/slc7_amd64_gcc900/cms/cmssw/CMSSW_11_2_0/external/slc7_amd64_gcc900/lib/libXrdUtils.so.2
#3  0x00002b1debb03f68 in XrdSysThread_Xeq () from /cvmfs/cms.cern.ch/slc7_amd64_gcc900/cms/cmssw/CMSSW_11_2_0/external/slc7_amd64_gcc900/lib/libXrdUtils.so.2
#4  0x00002b1dd6cc8ea5 in start_thread () from /lib64/libpthread.so.0
#5  0x00002b1dd6fdbb0d in clone () from /lib64/libc.so.6

Thread 1 (Thread 0x2b1dd8ad4840 (LWP 40629)):
#0  0x00002b1dd6fa2659 in waitpid () from /lib64/libc.so.6
#1  0x00002b1dd6f1ff62 in do_system () from /lib64/libc.so.6
#2  0x00002b1dd6f20311 in system () from /lib64/libc.so.6
#3  0x00002b1dd5d13a45 in TUnixSystem::StackTrace() () from /cvmfs/cms.cern.ch/slc7_amd64_gcc900/cms/cmssw/CMSSW_11_2_0/external/slc7_amd64_gcc900/lib/libCore.so
#4  0x00002b1dd5d10c15 in TUnixSystem::DispatchSignals(ESignals) () from /cvmfs/cms.cern.ch/slc7_amd64_gcc900/cms/cmssw/CMSSW_11_2_0/external/slc7_amd64_gcc900/lib/libCore.so
#5  <signal handler called>
#6  0x00002b1dd465b330 in DataReader::DataReader(char const*) () from /nfs/dust/cms/user/frengelk/Code/cmssw/CMSSW_11_2_0/lib/slc7_amd64_gcc900/libHOAnalysisHOL1.so
#7  0x000000000040c7e2 in main ()
===========================================================


The lines below might hint at the cause of the crash.
You may get help by asking at the ROOT forum https://root.cern.ch/forum
Only if you are really convinced it is a bug in ROOT then please submit a
report at https://root.cern.ch/bugs Please post the ENTIRE stack trace
from above as an attachment in addition to anything else
that might help us fixing this issue.
===========================================================
#6  0x00002b1dd465b330 in DataReader::DataReader(char const*) () from /nfs/dust/cms/user/frengelk/Code/cmssw/CMSSW_11_2_0/lib/slc7_amd64_gcc900/libHOAnalysisHOL1.so
#7  0x000000000040c7e2 in main ()
===========================================================


