Error in <TNetXNGFile::Open>: [ERROR] Operation expired

 *** Break *** segmentation violation



===========================================================
There was a crash.
This is the entire stack trace of all threads:
===========================================================

Thread 6 (Thread 0x2ac172599700 (LWP 25163)):
#0  0x00002ac15c7c1b3b in do_futex_wait.constprop () from /lib64/libpthread.so.0
#1  0x00002ac15c7c1bcf in __new_sem_wait_slow.constprop.0 () from /lib64/libpthread.so.0
#2  0x00002ac15c7c1c6b in sem_wait

GLIBC_2.2.5 () from /lib64/libpthread.so.0
#3  0x00002ac1717ce816 in XrdCl::JobManager::RunJobs() () from /cvmfs/cms.cern.ch/slc7_amd64_gcc900/cms/cmssw/CMSSW_11_2_0/external/slc7_amd64_gcc900/lib/libXrdCl.so.2
#4  0x00002ac1717ce8c9 in RunRunnerThread () from /cvmfs/cms.cern.ch/slc7_amd64_gcc900/cms/cmssw/CMSSW_11_2_0/external/slc7_amd64_gcc900/lib/libXrdCl.so.2
#5  0x00002ac15c7bbea5 in start_thread () from /lib64/libpthread.so.0
#6  0x00002ac15caceb0d in clone () from /lib64/libc.so.6

Thread 5 (Thread 0x2ac172398700 (LWP 25162)):
#0  0x00002ac15c7c1b3b in do_futex_wait.constprop () from /lib64/libpthread.so.0
#1  0x00002ac15c7c1bcf in __new_sem_wait_slow.constprop.0 () from /lib64/libpthread.so.0
#2  0x00002ac15c7c1c6b in sem_wait

GLIBC_2.2.5 () from /lib64/libpthread.so.0
#3  0x00002ac1717ce816 in XrdCl::JobManager::RunJobs() () from /cvmfs/cms.cern.ch/slc7_amd64_gcc900/cms/cmssw/CMSSW_11_2_0/external/slc7_amd64_gcc900/lib/libXrdCl.so.2
#4  0x00002ac1717ce8c9 in RunRunnerThread () from /cvmfs/cms.cern.ch/slc7_amd64_gcc900/cms/cmssw/CMSSW_11_2_0/external/slc7_amd64_gcc900/lib/libXrdCl.so.2
#5  0x00002ac15c7bbea5 in start_thread () from /lib64/libpthread.so.0
#6  0x00002ac15caceb0d in clone () from /lib64/libc.so.6

Thread 4 (Thread 0x2ac172197700 (LWP 25161)):
#0  0x00002ac15c7c1b3b in do_futex_wait.constprop () from /lib64/libpthread.so.0
#1  0x00002ac15c7c1bcf in __new_sem_wait_slow.constprop.0 () from /lib64/libpthread.so.0
#2  0x00002ac15c7c1c6b in sem_wait

GLIBC_2.2.5 () from /lib64/libpthread.so.0
#3  0x00002ac1717ce816 in XrdCl::JobManager::RunJobs() () from /cvmfs/cms.cern.ch/slc7_amd64_gcc900/cms/cmssw/CMSSW_11_2_0/external/slc7_amd64_gcc900/lib/libXrdCl.so.2
#4  0x00002ac1717ce8c9 in RunRunnerThread () from /cvmfs/cms.cern.ch/slc7_amd64_gcc900/cms/cmssw/CMSSW_11_2_0/external/slc7_amd64_gcc900/lib/libXrdCl.so.2
#5  0x00002ac15c7bbea5 in start_thread () from /lib64/libpthread.so.0
#6  0x00002ac15caceb0d in clone () from /lib64/libc.so.6

Thread 3 (Thread 0x2ac171f96700 (LWP 25160)):
#0  0x00002ac15c7c2e9d in nanosleep () from /lib64/libpthread.so.0
#1  0x00002ac1715f66ff in XrdSysTimer::Wait(int) () from /cvmfs/cms.cern.ch/slc7_amd64_gcc900/cms/cmssw/CMSSW_11_2_0/external/slc7_amd64_gcc900/lib/libXrdUtils.so.2
#2  0x00002ac171770b0a in XrdCl::TaskManager::RunTasks() () from /cvmfs/cms.cern.ch/slc7_amd64_gcc900/cms/cmssw/CMSSW_11_2_0/external/slc7_amd64_gcc900/lib/libXrdCl.so.2
#3  0x00002ac171770c69 in RunRunnerThread () from /cvmfs/cms.cern.ch/slc7_amd64_gcc900/cms/cmssw/CMSSW_11_2_0/external/slc7_amd64_gcc900/lib/libXrdCl.so.2
#4  0x00002ac15c7bbea5 in start_thread () from /lib64/libpthread.so.0
#5  0x00002ac15caceb0d in clone () from /lib64/libc.so.6

Thread 2 (Thread 0x2ac171d95700 (LWP 25156)):
#0  0x00002ac15cacf0e3 in epoll_wait () from /lib64/libc.so.6
#1  0x00002ac1715f0ed2 in XrdSys::IOEvents::PollE::Begin(XrdSysSemaphore*, int&, char const**) () from /cvmfs/cms.cern.ch/slc7_amd64_gcc900/cms/cmssw/CMSSW_11_2_0/external/slc7_amd64_gcc900/lib/libXrdUtils.so.2
#2  0x00002ac1715ed78d in XrdSys::IOEvents::BootStrap::Start(void*) () from /cvmfs/cms.cern.ch/slc7_amd64_gcc900/cms/cmssw/CMSSW_11_2_0/external/slc7_amd64_gcc900/lib/libXrdUtils.so.2
#3  0x00002ac1715f5f68 in XrdSysThread_Xeq () from /cvmfs/cms.cern.ch/slc7_amd64_gcc900/cms/cmssw/CMSSW_11_2_0/external/slc7_amd64_gcc900/lib/libXrdUtils.so.2
#4  0x00002ac15c7bbea5 in start_thread () from /lib64/libpthread.so.0
#5  0x00002ac15caceb0d in clone () from /lib64/libc.so.6

Thread 1 (Thread 0x2ac15e5c6280 (LWP 24625)):
#0  0x00002ac15ca95659 in waitpid () from /lib64/libc.so.6
#1  0x00002ac15ca12f62 in do_system () from /lib64/libc.so.6
#2  0x00002ac15ca13311 in system () from /lib64/libc.so.6
#3  0x00002ac15b804a45 in TUnixSystem::StackTrace() () from /cvmfs/cms.cern.ch/slc7_amd64_gcc900/cms/cmssw/CMSSW_11_2_0/external/slc7_amd64_gcc900/lib/libCore.so
#4  0x00002ac15b801c15 in TUnixSystem::DispatchSignals(ESignals) () from /cvmfs/cms.cern.ch/slc7_amd64_gcc900/cms/cmssw/CMSSW_11_2_0/external/slc7_amd64_gcc900/lib/libCore.so
#5  <signal handler called>
#6  0x00002ac15a14a330 in DataReader::DataReader(char const*) () from /nfs/dust/cms/user/frengelk/Code/cmssw/CMSSW_11_2_0/lib/slc7_amd64_gcc900/libHOAnalysisHOL1.so
#7  0x000000000040c7e2 in main ()
===========================================================


The lines below might hint at the cause of the crash.
You may get help by asking at the ROOT forum https://root.cern.ch/forum
Only if you are really convinced it is a bug in ROOT then please submit a
report at https://root.cern.ch/bugs Please post the ENTIRE stack trace
from above as an attachment in addition to anything else
that might help us fixing this issue.
===========================================================
#6  0x00002ac15a14a330 in DataReader::DataReader(char const*) () from /nfs/dust/cms/user/frengelk/Code/cmssw/CMSSW_11_2_0/lib/slc7_amd64_gcc900/libHOAnalysisHOL1.so
#7  0x000000000040c7e2 in main ()
===========================================================


