Error in <TNetXNGFile::Open>: [ERROR] Server responded with an error: [3011] No servers are available to read the file.

 *** Break *** segmentation violation



===========================================================
There was a crash.
This is the entire stack trace of all threads:
===========================================================

Thread 6 (Thread 0x2ab6d6525700 (LWP 31044)):
#0  0x00002ab6c074db3b in do_futex_wait.constprop () from /lib64/libpthread.so.0
#1  0x00002ab6c074dbcf in __new_sem_wait_slow.constprop.0 () from /lib64/libpthread.so.0
#2  0x00002ab6c074dc6b in sem_wait

GLIBC_2.2.5 () from /lib64/libpthread.so.0
#3  0x00002ab6d575a816 in XrdCl::JobManager::RunJobs() () from /cvmfs/cms.cern.ch/slc7_amd64_gcc900/cms/cmssw/CMSSW_11_2_0/external/slc7_amd64_gcc900/lib/libXrdCl.so.2
#4  0x00002ab6d575a8c9 in RunRunnerThread () from /cvmfs/cms.cern.ch/slc7_amd64_gcc900/cms/cmssw/CMSSW_11_2_0/external/slc7_amd64_gcc900/lib/libXrdCl.so.2
#5  0x00002ab6c0747ea5 in start_thread () from /lib64/libpthread.so.0
#6  0x00002ab6c0a5ab0d in clone () from /lib64/libc.so.6

Thread 5 (Thread 0x2ab6d6324700 (LWP 31043)):
#0  0x00002ab6c074db3b in do_futex_wait.constprop () from /lib64/libpthread.so.0
#1  0x00002ab6c074dbcf in __new_sem_wait_slow.constprop.0 () from /lib64/libpthread.so.0
#2  0x00002ab6c074dc6b in sem_wait

GLIBC_2.2.5 () from /lib64/libpthread.so.0
#3  0x00002ab6d575a816 in XrdCl::JobManager::RunJobs() () from /cvmfs/cms.cern.ch/slc7_amd64_gcc900/cms/cmssw/CMSSW_11_2_0/external/slc7_amd64_gcc900/lib/libXrdCl.so.2
#4  0x00002ab6d575a8c9 in RunRunnerThread () from /cvmfs/cms.cern.ch/slc7_amd64_gcc900/cms/cmssw/CMSSW_11_2_0/external/slc7_amd64_gcc900/lib/libXrdCl.so.2
#5  0x00002ab6c0747ea5 in start_thread () from /lib64/libpthread.so.0
#6  0x00002ab6c0a5ab0d in clone () from /lib64/libc.so.6

Thread 4 (Thread 0x2ab6d6123700 (LWP 31042)):
#0  0x00002ab6c074db3b in do_futex_wait.constprop () from /lib64/libpthread.so.0
#1  0x00002ab6c074dbcf in __new_sem_wait_slow.constprop.0 () from /lib64/libpthread.so.0
#2  0x00002ab6c074dc6b in sem_wait

GLIBC_2.2.5 () from /lib64/libpthread.so.0
#3  0x00002ab6d575a816 in XrdCl::JobManager::RunJobs() () from /cvmfs/cms.cern.ch/slc7_amd64_gcc900/cms/cmssw/CMSSW_11_2_0/external/slc7_amd64_gcc900/lib/libXrdCl.so.2
#4  0x00002ab6d575a8c9 in RunRunnerThread () from /cvmfs/cms.cern.ch/slc7_amd64_gcc900/cms/cmssw/CMSSW_11_2_0/external/slc7_amd64_gcc900/lib/libXrdCl.so.2
#5  0x00002ab6c0747ea5 in start_thread () from /lib64/libpthread.so.0
#6  0x00002ab6c0a5ab0d in clone () from /lib64/libc.so.6

Thread 3 (Thread 0x2ab6d5f22700 (LWP 31041)):
#0  0x00002ab6c074ee9d in nanosleep () from /lib64/libpthread.so.0
#1  0x00002ab6d55826ff in XrdSysTimer::Wait(int) () from /cvmfs/cms.cern.ch/slc7_amd64_gcc900/cms/cmssw/CMSSW_11_2_0/external/slc7_amd64_gcc900/lib/libXrdUtils.so.2
#2  0x00002ab6d56fcb0a in XrdCl::TaskManager::RunTasks() () from /cvmfs/cms.cern.ch/slc7_amd64_gcc900/cms/cmssw/CMSSW_11_2_0/external/slc7_amd64_gcc900/lib/libXrdCl.so.2
#3  0x00002ab6d56fcc69 in RunRunnerThread () from /cvmfs/cms.cern.ch/slc7_amd64_gcc900/cms/cmssw/CMSSW_11_2_0/external/slc7_amd64_gcc900/lib/libXrdCl.so.2
#4  0x00002ab6c0747ea5 in start_thread () from /lib64/libpthread.so.0
#5  0x00002ab6c0a5ab0d in clone () from /lib64/libc.so.6

Thread 2 (Thread 0x2ab6d5d21700 (LWP 31040)):
#0  0x00002ab6c0a5b0e3 in epoll_wait () from /lib64/libc.so.6
#1  0x00002ab6d557ced2 in XrdSys::IOEvents::PollE::Begin(XrdSysSemaphore*, int&, char const**) () from /cvmfs/cms.cern.ch/slc7_amd64_gcc900/cms/cmssw/CMSSW_11_2_0/external/slc7_amd64_gcc900/lib/libXrdUtils.so.2
#2  0x00002ab6d557978d in XrdSys::IOEvents::BootStrap::Start(void*) () from /cvmfs/cms.cern.ch/slc7_amd64_gcc900/cms/cmssw/CMSSW_11_2_0/external/slc7_amd64_gcc900/lib/libXrdUtils.so.2
#3  0x00002ab6d5581f68 in XrdSysThread_Xeq () from /cvmfs/cms.cern.ch/slc7_amd64_gcc900/cms/cmssw/CMSSW_11_2_0/external/slc7_amd64_gcc900/lib/libXrdUtils.so.2
#4  0x00002ab6c0747ea5 in start_thread () from /lib64/libpthread.so.0
#5  0x00002ab6c0a5ab0d in clone () from /lib64/libc.so.6

Thread 1 (Thread 0x2ab6c2552280 (LWP 31003)):
#0  0x00002ab6c0a21659 in waitpid () from /lib64/libc.so.6
#1  0x00002ab6c099ef62 in do_system () from /lib64/libc.so.6
#2  0x00002ab6c099f311 in system () from /lib64/libc.so.6
#3  0x00002ab6bf793a45 in TUnixSystem::StackTrace() () from /cvmfs/cms.cern.ch/slc7_amd64_gcc900/cms/cmssw/CMSSW_11_2_0/external/slc7_amd64_gcc900/lib/libCore.so
#4  0x00002ab6bf790c15 in TUnixSystem::DispatchSignals(ESignals) () from /cvmfs/cms.cern.ch/slc7_amd64_gcc900/cms/cmssw/CMSSW_11_2_0/external/slc7_amd64_gcc900/lib/libCore.so
#5  <signal handler called>
#6  0x00002ab6be0d9330 in DataReader::DataReader(char const*) () from /nfs/dust/cms/user/frengelk/Code/cmssw/CMSSW_11_2_0/lib/slc7_amd64_gcc900/libHOAnalysisHOL1.so
#7  0x000000000040c7e2 in main ()
===========================================================


The lines below might hint at the cause of the crash.
You may get help by asking at the ROOT forum https://root.cern.ch/forum
Only if you are really convinced it is a bug in ROOT then please submit a
report at https://root.cern.ch/bugs Please post the ENTIRE stack trace
from above as an attachment in addition to anything else
that might help us fixing this issue.
===========================================================
#6  0x00002ab6be0d9330 in DataReader::DataReader(char const*) () from /nfs/dust/cms/user/frengelk/Code/cmssw/CMSSW_11_2_0/lib/slc7_amd64_gcc900/libHOAnalysisHOL1.so
#7  0x000000000040c7e2 in main ()
===========================================================


