Error in <TNetXNGFile::Open>: [ERROR] Server responded with an error: [3011] No servers are available to read the file.

 *** Break *** segmentation violation



===========================================================
There was a crash.
This is the entire stack trace of all threads:
===========================================================

Thread 6 (Thread 0x2b4f0ff98700 (LWP 24937)):
#0  0x00002b4efa1c0b3b in do_futex_wait.constprop () from /lib64/libpthread.so.0
#1  0x00002b4efa1c0bcf in __new_sem_wait_slow.constprop.0 () from /lib64/libpthread.so.0
#2  0x00002b4efa1c0c6b in sem_wait

GLIBC_2.2.5 () from /lib64/libpthread.so.0
#3  0x00002b4f0f1cd816 in XrdCl::JobManager::RunJobs() () from /cvmfs/cms.cern.ch/slc7_amd64_gcc900/cms/cmssw/CMSSW_11_2_0/external/slc7_amd64_gcc900/lib/libXrdCl.so.2
#4  0x00002b4f0f1cd8c9 in RunRunnerThread () from /cvmfs/cms.cern.ch/slc7_amd64_gcc900/cms/cmssw/CMSSW_11_2_0/external/slc7_amd64_gcc900/lib/libXrdCl.so.2
#5  0x00002b4efa1baea5 in start_thread () from /lib64/libpthread.so.0
#6  0x00002b4efa4cdb0d in clone () from /lib64/libc.so.6

Thread 5 (Thread 0x2b4f0fd97700 (LWP 24936)):
#0  0x00002b4efa1c0b3b in do_futex_wait.constprop () from /lib64/libpthread.so.0
#1  0x00002b4efa1c0bcf in __new_sem_wait_slow.constprop.0 () from /lib64/libpthread.so.0
#2  0x00002b4efa1c0c6b in sem_wait

GLIBC_2.2.5 () from /lib64/libpthread.so.0
#3  0x00002b4f0f1cd816 in XrdCl::JobManager::RunJobs() () from /cvmfs/cms.cern.ch/slc7_amd64_gcc900/cms/cmssw/CMSSW_11_2_0/external/slc7_amd64_gcc900/lib/libXrdCl.so.2
#4  0x00002b4f0f1cd8c9 in RunRunnerThread () from /cvmfs/cms.cern.ch/slc7_amd64_gcc900/cms/cmssw/CMSSW_11_2_0/external/slc7_amd64_gcc900/lib/libXrdCl.so.2
#5  0x00002b4efa1baea5 in start_thread () from /lib64/libpthread.so.0
#6  0x00002b4efa4cdb0d in clone () from /lib64/libc.so.6

Thread 4 (Thread 0x2b4f0fb96700 (LWP 24935)):
#0  0x00002b4efa1c0b3b in do_futex_wait.constprop () from /lib64/libpthread.so.0
#1  0x00002b4efa1c0bcf in __new_sem_wait_slow.constprop.0 () from /lib64/libpthread.so.0
#2  0x00002b4efa1c0c6b in sem_wait

GLIBC_2.2.5 () from /lib64/libpthread.so.0
#3  0x00002b4f0f1cd816 in XrdCl::JobManager::RunJobs() () from /cvmfs/cms.cern.ch/slc7_amd64_gcc900/cms/cmssw/CMSSW_11_2_0/external/slc7_amd64_gcc900/lib/libXrdCl.so.2
#4  0x00002b4f0f1cd8c9 in RunRunnerThread () from /cvmfs/cms.cern.ch/slc7_amd64_gcc900/cms/cmssw/CMSSW_11_2_0/external/slc7_amd64_gcc900/lib/libXrdCl.so.2
#5  0x00002b4efa1baea5 in start_thread () from /lib64/libpthread.so.0
#6  0x00002b4efa4cdb0d in clone () from /lib64/libc.so.6

Thread 3 (Thread 0x2b4f0f995700 (LWP 24934)):
#0  0x00002b4efa1c1e9d in nanosleep () from /lib64/libpthread.so.0
#1  0x00002b4f0eff56ff in XrdSysTimer::Wait(int) () from /cvmfs/cms.cern.ch/slc7_amd64_gcc900/cms/cmssw/CMSSW_11_2_0/external/slc7_amd64_gcc900/lib/libXrdUtils.so.2
#2  0x00002b4f0f16fb0a in XrdCl::TaskManager::RunTasks() () from /cvmfs/cms.cern.ch/slc7_amd64_gcc900/cms/cmssw/CMSSW_11_2_0/external/slc7_amd64_gcc900/lib/libXrdCl.so.2
#3  0x00002b4f0f16fc69 in RunRunnerThread () from /cvmfs/cms.cern.ch/slc7_amd64_gcc900/cms/cmssw/CMSSW_11_2_0/external/slc7_amd64_gcc900/lib/libXrdCl.so.2
#4  0x00002b4efa1baea5 in start_thread () from /lib64/libpthread.so.0
#5  0x00002b4efa4cdb0d in clone () from /lib64/libc.so.6

Thread 2 (Thread 0x2b4f0f794700 (LWP 24933)):
#0  0x00002b4efa4ce0e3 in epoll_wait () from /lib64/libc.so.6
#1  0x00002b4f0efefed2 in XrdSys::IOEvents::PollE::Begin(XrdSysSemaphore*, int&, char const**) () from /cvmfs/cms.cern.ch/slc7_amd64_gcc900/cms/cmssw/CMSSW_11_2_0/external/slc7_amd64_gcc900/lib/libXrdUtils.so.2
#2  0x00002b4f0efec78d in XrdSys::IOEvents::BootStrap::Start(void*) () from /cvmfs/cms.cern.ch/slc7_amd64_gcc900/cms/cmssw/CMSSW_11_2_0/external/slc7_amd64_gcc900/lib/libXrdUtils.so.2
#3  0x00002b4f0eff4f68 in XrdSysThread_Xeq () from /cvmfs/cms.cern.ch/slc7_amd64_gcc900/cms/cmssw/CMSSW_11_2_0/external/slc7_amd64_gcc900/lib/libXrdUtils.so.2
#4  0x00002b4efa1baea5 in start_thread () from /lib64/libpthread.so.0
#5  0x00002b4efa4cdb0d in clone () from /lib64/libc.so.6

Thread 1 (Thread 0x2b4efbfc5280 (LWP 24876)):
#0  0x00002b4efa494659 in waitpid () from /lib64/libc.so.6
#1  0x00002b4efa411f62 in do_system () from /lib64/libc.so.6
#2  0x00002b4efa412311 in system () from /lib64/libc.so.6
#3  0x00002b4ef9203a45 in TUnixSystem::StackTrace() () from /cvmfs/cms.cern.ch/slc7_amd64_gcc900/cms/cmssw/CMSSW_11_2_0/external/slc7_amd64_gcc900/lib/libCore.so
#4  0x00002b4ef9200c15 in TUnixSystem::DispatchSignals(ESignals) () from /cvmfs/cms.cern.ch/slc7_amd64_gcc900/cms/cmssw/CMSSW_11_2_0/external/slc7_amd64_gcc900/lib/libCore.so
#5  <signal handler called>
#6  0x00002b4ef7b49330 in DataReader::DataReader(char const*) () from /nfs/dust/cms/user/frengelk/Code/cmssw/CMSSW_11_2_0/lib/slc7_amd64_gcc900/libHOAnalysisHOL1.so
#7  0x000000000040c7e2 in main ()
===========================================================


The lines below might hint at the cause of the crash.
You may get help by asking at the ROOT forum https://root.cern.ch/forum
Only if you are really convinced it is a bug in ROOT then please submit a
report at https://root.cern.ch/bugs Please post the ENTIRE stack trace
from above as an attachment in addition to anything else
that might help us fixing this issue.
===========================================================
#6  0x00002b4ef7b49330 in DataReader::DataReader(char const*) () from /nfs/dust/cms/user/frengelk/Code/cmssw/CMSSW_11_2_0/lib/slc7_amd64_gcc900/libHOAnalysisHOL1.so
#7  0x000000000040c7e2 in main ()
===========================================================


