Error in <TNetXNGFile::Open>: [ERROR] Operation expired

 *** Break *** segmentation violation



===========================================================
There was a crash.
This is the entire stack trace of all threads:
===========================================================

Thread 6 (Thread 0x2b4f7ca6d700 (LWP 17599)):
#0  0x00002b4f66c95b3b in do_futex_wait.constprop () from /lib64/libpthread.so.0
#1  0x00002b4f66c95bcf in __new_sem_wait_slow.constprop.0 () from /lib64/libpthread.so.0
#2  0x00002b4f66c95c6b in sem_wait

GLIBC_2.2.5 () from /lib64/libpthread.so.0
#3  0x00002b4f7bca2816 in XrdCl::JobManager::RunJobs() () from /cvmfs/cms.cern.ch/slc7_amd64_gcc900/cms/cmssw/CMSSW_11_2_0/external/slc7_amd64_gcc900/lib/libXrdCl.so.2
#4  0x00002b4f7bca28c9 in RunRunnerThread () from /cvmfs/cms.cern.ch/slc7_amd64_gcc900/cms/cmssw/CMSSW_11_2_0/external/slc7_amd64_gcc900/lib/libXrdCl.so.2
#5  0x00002b4f66c8fea5 in start_thread () from /lib64/libpthread.so.0
#6  0x00002b4f66fa2b0d in clone () from /lib64/libc.so.6

Thread 5 (Thread 0x2b4f7c86c700 (LWP 17598)):
#0  0x00002b4f66c95b3b in do_futex_wait.constprop () from /lib64/libpthread.so.0
#1  0x00002b4f66c95bcf in __new_sem_wait_slow.constprop.0 () from /lib64/libpthread.so.0
#2  0x00002b4f66c95c6b in sem_wait

GLIBC_2.2.5 () from /lib64/libpthread.so.0
#3  0x00002b4f7bca2816 in XrdCl::JobManager::RunJobs() () from /cvmfs/cms.cern.ch/slc7_amd64_gcc900/cms/cmssw/CMSSW_11_2_0/external/slc7_amd64_gcc900/lib/libXrdCl.so.2
#4  0x00002b4f7bca28c9 in RunRunnerThread () from /cvmfs/cms.cern.ch/slc7_amd64_gcc900/cms/cmssw/CMSSW_11_2_0/external/slc7_amd64_gcc900/lib/libXrdCl.so.2
#5  0x00002b4f66c8fea5 in start_thread () from /lib64/libpthread.so.0
#6  0x00002b4f66fa2b0d in clone () from /lib64/libc.so.6

Thread 4 (Thread 0x2b4f7c66b700 (LWP 17597)):
#0  0x00002b4f66c95b3b in do_futex_wait.constprop () from /lib64/libpthread.so.0
#1  0x00002b4f66c95bcf in __new_sem_wait_slow.constprop.0 () from /lib64/libpthread.so.0
#2  0x00002b4f66c95c6b in sem_wait

GLIBC_2.2.5 () from /lib64/libpthread.so.0
#3  0x00002b4f7bca2816 in XrdCl::JobManager::RunJobs() () from /cvmfs/cms.cern.ch/slc7_amd64_gcc900/cms/cmssw/CMSSW_11_2_0/external/slc7_amd64_gcc900/lib/libXrdCl.so.2
#4  0x00002b4f7bca28c9 in RunRunnerThread () from /cvmfs/cms.cern.ch/slc7_amd64_gcc900/cms/cmssw/CMSSW_11_2_0/external/slc7_amd64_gcc900/lib/libXrdCl.so.2
#5  0x00002b4f66c8fea5 in start_thread () from /lib64/libpthread.so.0
#6  0x00002b4f66fa2b0d in clone () from /lib64/libc.so.6

Thread 3 (Thread 0x2b4f7c46a700 (LWP 17596)):
#0  0x00002b4f66c96e9d in nanosleep () from /lib64/libpthread.so.0
#1  0x00002b4f7baca6ff in XrdSysTimer::Wait(int) () from /cvmfs/cms.cern.ch/slc7_amd64_gcc900/cms/cmssw/CMSSW_11_2_0/external/slc7_amd64_gcc900/lib/libXrdUtils.so.2
#2  0x00002b4f7bc44b0a in XrdCl::TaskManager::RunTasks() () from /cvmfs/cms.cern.ch/slc7_amd64_gcc900/cms/cmssw/CMSSW_11_2_0/external/slc7_amd64_gcc900/lib/libXrdCl.so.2
#3  0x00002b4f7bc44c69 in RunRunnerThread () from /cvmfs/cms.cern.ch/slc7_amd64_gcc900/cms/cmssw/CMSSW_11_2_0/external/slc7_amd64_gcc900/lib/libXrdCl.so.2
#4  0x00002b4f66c8fea5 in start_thread () from /lib64/libpthread.so.0
#5  0x00002b4f66fa2b0d in clone () from /lib64/libc.so.6

Thread 2 (Thread 0x2b4f7c269700 (LWP 17595)):
#0  0x00002b4f66fa30e3 in epoll_wait () from /lib64/libc.so.6
#1  0x00002b4f7bac4ed2 in XrdSys::IOEvents::PollE::Begin(XrdSysSemaphore*, int&, char const**) () from /cvmfs/cms.cern.ch/slc7_amd64_gcc900/cms/cmssw/CMSSW_11_2_0/external/slc7_amd64_gcc900/lib/libXrdUtils.so.2
#2  0x00002b4f7bac178d in XrdSys::IOEvents::BootStrap::Start(void*) () from /cvmfs/cms.cern.ch/slc7_amd64_gcc900/cms/cmssw/CMSSW_11_2_0/external/slc7_amd64_gcc900/lib/libXrdUtils.so.2
#3  0x00002b4f7bac9f68 in XrdSysThread_Xeq () from /cvmfs/cms.cern.ch/slc7_amd64_gcc900/cms/cmssw/CMSSW_11_2_0/external/slc7_amd64_gcc900/lib/libXrdUtils.so.2
#4  0x00002b4f66c8fea5 in start_thread () from /lib64/libpthread.so.0
#5  0x00002b4f66fa2b0d in clone () from /lib64/libc.so.6

Thread 1 (Thread 0x2b4f68a9a280 (LWP 17570)):
#0  0x00002b4f66f69659 in waitpid () from /lib64/libc.so.6
#1  0x00002b4f66ee6f62 in do_system () from /lib64/libc.so.6
#2  0x00002b4f66ee7311 in system () from /lib64/libc.so.6
#3  0x00002b4f65cd8a45 in TUnixSystem::StackTrace() () from /cvmfs/cms.cern.ch/slc7_amd64_gcc900/cms/cmssw/CMSSW_11_2_0/external/slc7_amd64_gcc900/lib/libCore.so
#4  0x00002b4f65cd5c15 in TUnixSystem::DispatchSignals(ESignals) () from /cvmfs/cms.cern.ch/slc7_amd64_gcc900/cms/cmssw/CMSSW_11_2_0/external/slc7_amd64_gcc900/lib/libCore.so
#5  <signal handler called>
#6  0x00002b4f6461e330 in DataReader::DataReader(char const*) () from /nfs/dust/cms/user/frengelk/Code/cmssw/CMSSW_11_2_0/lib/slc7_amd64_gcc900/libHOAnalysisHOL1.so
#7  0x000000000040c7e2 in main ()
===========================================================


The lines below might hint at the cause of the crash.
You may get help by asking at the ROOT forum https://root.cern.ch/forum
Only if you are really convinced it is a bug in ROOT then please submit a
report at https://root.cern.ch/bugs Please post the ENTIRE stack trace
from above as an attachment in addition to anything else
that might help us fixing this issue.
===========================================================
#6  0x00002b4f6461e330 in DataReader::DataReader(char const*) () from /nfs/dust/cms/user/frengelk/Code/cmssw/CMSSW_11_2_0/lib/slc7_amd64_gcc900/libHOAnalysisHOL1.so
#7  0x000000000040c7e2 in main ()
===========================================================


