Error in <TNetXNGFile::Open>: [ERROR] Server responded with an error: [3011] No servers are available to read the file.

 *** Break *** segmentation violation



===========================================================
There was a crash.
This is the entire stack trace of all threads:
===========================================================

Thread 6 (Thread 0x2b6a62a44700 (LWP 4293)):
#0  0x00002b6a4cc6cb3b in do_futex_wait.constprop () from /lib64/libpthread.so.0
#1  0x00002b6a4cc6cbcf in __new_sem_wait_slow.constprop.0 () from /lib64/libpthread.so.0
#2  0x00002b6a4cc6cc6b in sem_wait

GLIBC_2.2.5 () from /lib64/libpthread.so.0
#3  0x00002b6a61c79816 in XrdCl::JobManager::RunJobs() () from /cvmfs/cms.cern.ch/slc7_amd64_gcc900/cms/cmssw/CMSSW_11_2_0/external/slc7_amd64_gcc900/lib/libXrdCl.so.2
#4  0x00002b6a61c798c9 in RunRunnerThread () from /cvmfs/cms.cern.ch/slc7_amd64_gcc900/cms/cmssw/CMSSW_11_2_0/external/slc7_amd64_gcc900/lib/libXrdCl.so.2
#5  0x00002b6a4cc66ea5 in start_thread () from /lib64/libpthread.so.0
#6  0x00002b6a4cf79b0d in clone () from /lib64/libc.so.6

Thread 5 (Thread 0x2b6a62843700 (LWP 4291)):
#0  0x00002b6a4cc6cb3b in do_futex_wait.constprop () from /lib64/libpthread.so.0
#1  0x00002b6a4cc6cbcf in __new_sem_wait_slow.constprop.0 () from /lib64/libpthread.so.0
#2  0x00002b6a4cc6cc6b in sem_wait

GLIBC_2.2.5 () from /lib64/libpthread.so.0
#3  0x00002b6a61c79816 in XrdCl::JobManager::RunJobs() () from /cvmfs/cms.cern.ch/slc7_amd64_gcc900/cms/cmssw/CMSSW_11_2_0/external/slc7_amd64_gcc900/lib/libXrdCl.so.2
#4  0x00002b6a61c798c9 in RunRunnerThread () from /cvmfs/cms.cern.ch/slc7_amd64_gcc900/cms/cmssw/CMSSW_11_2_0/external/slc7_amd64_gcc900/lib/libXrdCl.so.2
#5  0x00002b6a4cc66ea5 in start_thread () from /lib64/libpthread.so.0
#6  0x00002b6a4cf79b0d in clone () from /lib64/libc.so.6

Thread 4 (Thread 0x2b6a62642700 (LWP 4289)):
#0  0x00002b6a4cc6cb3b in do_futex_wait.constprop () from /lib64/libpthread.so.0
#1  0x00002b6a4cc6cbcf in __new_sem_wait_slow.constprop.0 () from /lib64/libpthread.so.0
#2  0x00002b6a4cc6cc6b in sem_wait

GLIBC_2.2.5 () from /lib64/libpthread.so.0
#3  0x00002b6a61c79816 in XrdCl::JobManager::RunJobs() () from /cvmfs/cms.cern.ch/slc7_amd64_gcc900/cms/cmssw/CMSSW_11_2_0/external/slc7_amd64_gcc900/lib/libXrdCl.so.2
#4  0x00002b6a61c798c9 in RunRunnerThread () from /cvmfs/cms.cern.ch/slc7_amd64_gcc900/cms/cmssw/CMSSW_11_2_0/external/slc7_amd64_gcc900/lib/libXrdCl.so.2
#5  0x00002b6a4cc66ea5 in start_thread () from /lib64/libpthread.so.0
#6  0x00002b6a4cf79b0d in clone () from /lib64/libc.so.6

Thread 3 (Thread 0x2b6a62441700 (LWP 4287)):
#0  0x00002b6a4cc6de9d in nanosleep () from /lib64/libpthread.so.0
#1  0x00002b6a61aa16ff in XrdSysTimer::Wait(int) () from /cvmfs/cms.cern.ch/slc7_amd64_gcc900/cms/cmssw/CMSSW_11_2_0/external/slc7_amd64_gcc900/lib/libXrdUtils.so.2
#2  0x00002b6a61c1bb0a in XrdCl::TaskManager::RunTasks() () from /cvmfs/cms.cern.ch/slc7_amd64_gcc900/cms/cmssw/CMSSW_11_2_0/external/slc7_amd64_gcc900/lib/libXrdCl.so.2
#3  0x00002b6a61c1bc69 in RunRunnerThread () from /cvmfs/cms.cern.ch/slc7_amd64_gcc900/cms/cmssw/CMSSW_11_2_0/external/slc7_amd64_gcc900/lib/libXrdCl.so.2
#4  0x00002b6a4cc66ea5 in start_thread () from /lib64/libpthread.so.0
#5  0x00002b6a4cf79b0d in clone () from /lib64/libc.so.6

Thread 2 (Thread 0x2b6a62240700 (LWP 4285)):
#0  0x00002b6a4cf7a0e3 in epoll_wait () from /lib64/libc.so.6
#1  0x00002b6a61a9bed2 in XrdSys::IOEvents::PollE::Begin(XrdSysSemaphore*, int&, char const**) () from /cvmfs/cms.cern.ch/slc7_amd64_gcc900/cms/cmssw/CMSSW_11_2_0/external/slc7_amd64_gcc900/lib/libXrdUtils.so.2
#2  0x00002b6a61a9878d in XrdSys::IOEvents::BootStrap::Start(void*) () from /cvmfs/cms.cern.ch/slc7_amd64_gcc900/cms/cmssw/CMSSW_11_2_0/external/slc7_amd64_gcc900/lib/libXrdUtils.so.2
#3  0x00002b6a61aa0f68 in XrdSysThread_Xeq () from /cvmfs/cms.cern.ch/slc7_amd64_gcc900/cms/cmssw/CMSSW_11_2_0/external/slc7_amd64_gcc900/lib/libXrdUtils.so.2
#4  0x00002b6a4cc66ea5 in start_thread () from /lib64/libpthread.so.0
#5  0x00002b6a4cf79b0d in clone () from /lib64/libc.so.6

Thread 1 (Thread 0x2b6a4ea71280 (LWP 3359)):
#0  0x00002b6a4cf40659 in waitpid () from /lib64/libc.so.6
#1  0x00002b6a4cebdf62 in do_system () from /lib64/libc.so.6
#2  0x00002b6a4cebe311 in system () from /lib64/libc.so.6
#3  0x00002b6a4bcafa45 in TUnixSystem::StackTrace() () from /cvmfs/cms.cern.ch/slc7_amd64_gcc900/cms/cmssw/CMSSW_11_2_0/external/slc7_amd64_gcc900/lib/libCore.so
#4  0x00002b6a4bcacc15 in TUnixSystem::DispatchSignals(ESignals) () from /cvmfs/cms.cern.ch/slc7_amd64_gcc900/cms/cmssw/CMSSW_11_2_0/external/slc7_amd64_gcc900/lib/libCore.so
#5  <signal handler called>
#6  0x00002b6a4a5f5330 in DataReader::DataReader(char const*) () from /nfs/dust/cms/user/frengelk/Code/cmssw/CMSSW_11_2_0/lib/slc7_amd64_gcc900/libHOAnalysisHOL1.so
#7  0x000000000040c7e2 in main ()
===========================================================


The lines below might hint at the cause of the crash.
You may get help by asking at the ROOT forum https://root.cern.ch/forum
Only if you are really convinced it is a bug in ROOT then please submit a
report at https://root.cern.ch/bugs Please post the ENTIRE stack trace
from above as an attachment in addition to anything else
that might help us fixing this issue.
===========================================================
#6  0x00002b6a4a5f5330 in DataReader::DataReader(char const*) () from /nfs/dust/cms/user/frengelk/Code/cmssw/CMSSW_11_2_0/lib/slc7_amd64_gcc900/libHOAnalysisHOL1.so
#7  0x000000000040c7e2 in main ()
===========================================================


